2019-11-18 18:01:09,717 desired_caps.py[line:34] INFO start app
2019-11-18 18:01:28,023 run.py[line:19] INFO start run test case....
2019-11-18 18:01:28,023 test_1login.py[line:15] INFO ¼ܶԲԿʼ
2019-11-18 18:03:07,760 functions.py[line:83] INFO ͼѱ
2019-11-18 18:03:07,760 test_1login.py[line:73] INFO ¼ģԲԽ
2019-11-18 18:03:07,761 test_3file.py[line:13] INFO ļģԶԿʼ
2019-11-18 18:07:04,885 file_view.py[line:197] INFO վ:  Message: An element could not be located on the page using the given search parameters.

2019-11-18 18:07:06,653 file_view.py[line:140] INFO ʼִļƶ
2019-11-18 18:07:24,804 file_view.py[line:161] INFO ƶɹ
2019-11-18 18:07:24,804 file_view.py[line:167] INFO ļƶ
2019-11-18 18:07:24,807 file_view.py[line:221] INFO ļʼstart
2019-11-18 18:10:23,846 file_view.py[line:272] INFO Ŀ¼
2019-11-18 18:11:35,341 test_6my.py[line:78] INFO ޸ĵ¼1
2019-11-18 18:11:40,545 my_view.py[line:82] INFO Message: An element could not be located on the page using the given search parameters.

2019-11-18 18:11:41,126 functions.py[line:83] INFO ͼѱ
2019-11-18 18:11:41,126 test_6my.py[line:93] INFO ʧܣ
2019-11-18 18:11:41,127 test_6my.py[line:96] INFO ޸ĵ¼2
2019-11-18 18:11:46,902 my_view.py[line:106] INFO Message: An element could not be located on the page using the given search parameters.

2019-11-18 18:11:47,543 functions.py[line:83] INFO ͼѱ
2019-11-18 18:11:47,543 test_6my.py[line:102] INFO ʧ
2019-11-18 18:11:47,543 test_6my.py[line:103] INFO ޸ĵ¼ԶԽ
2019-11-18 18:11:47,544 test_6my.py[line:104] INFO Ϊ6z8iyagl
2019-11-18 18:11:47,544 test_6my.py[line:59] INFO ޸ĵ¼ֻ
2019-11-18 18:14:30,217 desired_caps.py[line:34] INFO start app
2019-11-18 18:14:47,131 run.py[line:19] INFO start run test case....
2019-11-18 18:14:47,131 test_1login.py[line:15] INFO ¼ܶԲԿʼ
2019-11-18 18:16:35,644 functions.py[line:83] INFO ͼѱ
2019-11-18 18:16:35,645 test_1login.py[line:73] INFO ¼ģԲԽ
2019-11-18 18:16:35,647 test_3file.py[line:13] INFO ļģԶԿʼ
2019-11-18 18:19:57,473 file_view.py[line:197] INFO վ:  Message: An element could not be located on the page using the given search parameters.

2019-11-18 18:19:59,149 file_view.py[line:140] INFO ʼִļƶ
2019-11-18 18:20:16,194 file_view.py[line:161] INFO ƶɹ
2019-11-18 18:20:16,194 file_view.py[line:167] INFO ļƶ
2019-11-18 18:20:16,195 file_view.py[line:221] INFO ļʼstart
2019-11-18 18:23:14,783 file_view.py[line:272] INFO Ŀ¼
2019-11-18 18:24:28,844 test_6my.py[line:78] INFO ޸ĵ¼1
2019-11-18 18:24:34,372 my_view.py[line:82] INFO Message: An element could not be located on the page using the given search parameters.

2019-11-18 18:24:34,992 functions.py[line:83] INFO ͼѱ
2019-11-18 18:24:34,993 test_6my.py[line:93] INFO ʧܣ
2019-11-18 18:24:34,996 test_6my.py[line:96] INFO ޸ĵ¼2
2019-11-18 18:24:40,663 my_view.py[line:106] INFO Message: An element could not be located on the page using the given search parameters.

2019-11-18 18:24:41,338 functions.py[line:83] INFO ͼѱ
2019-11-18 18:24:41,338 test_6my.py[line:102] INFO ʧ
2019-11-18 18:24:41,339 test_6my.py[line:103] INFO ޸ĵ¼ԶԽ
2019-11-18 18:24:41,339 test_6my.py[line:104] INFO Ϊwdbb2s9c
2019-11-18 18:24:41,339 test_6my.py[line:59] INFO ޸ĵ¼ֻ
2019-11-18 19:07:03,821 desired_caps.py[line:34] INFO start app
2019-11-18 19:07:22,798 run.py[line:19] INFO start run test case....
2019-11-18 19:07:22,799 test_1login.py[line:15] INFO ¼ܶԲԿʼ
2019-11-18 19:07:54,837 desired_caps.py[line:34] INFO start app
2019-11-18 19:08:11,978 run.py[line:19] INFO start run test case....
2019-11-18 19:08:11,979 test_1login.py[line:15] INFO ¼ܶԲԿʼ
2019-11-18 19:08:22,159 test_3file.py[line:13] INFO ļģԶԿʼ
2019-11-18 19:08:22,536 test_6my.py[line:78] INFO ޸ĵ¼1
2019-11-18 19:08:22,553 test_6my.py[line:96] INFO ޸ĵ¼2
2019-11-18 19:08:22,570 test_6my.py[line:59] INFO ޸ĵ¼ֻ
2019-11-18 19:08:39,375 desired_caps.py[line:34] INFO start app
2019-11-18 19:08:55,936 run.py[line:19] INFO start run test case....
2019-11-18 19:08:55,937 test_1login.py[line:15] INFO ¼ܶԲԿʼ
2019-11-18 19:10:40,616 functions.py[line:83] INFO ͼѱ
2019-11-18 19:10:40,617 test_1login.py[line:73] INFO ¼ģԲԽ
2019-11-18 19:10:40,618 test_3file.py[line:13] INFO ļģԶԿʼ
2019-11-18 19:15:50,965 file_view.py[line:200] INFO վ:  Message: An element could not be located on the page using the given search parameters.

2019-11-18 19:15:52,578 file_view.py[line:142] INFO ʼִļƶ
2019-11-18 19:16:10,427 file_view.py[line:164] INFO ƶɹ
2019-11-18 19:16:10,428 file_view.py[line:170] INFO ļƶ
2019-11-18 19:16:10,429 file_view.py[line:224] INFO ļʼstart
2019-11-18 19:19:13,062 file_view.py[line:279] INFO Ŀ¼
2019-11-18 19:20:27,476 test_6my.py[line:78] INFO ޸ĵ¼1
2019-11-18 19:20:32,942 my_view.py[line:82] INFO Message: An element could not be located on the page using the given search parameters.

2019-11-18 19:20:33,557 functions.py[line:83] INFO ͼѱ
2019-11-18 19:20:33,557 test_6my.py[line:93] INFO ʧܣ
2019-11-18 19:20:33,559 test_6my.py[line:96] INFO ޸ĵ¼2
2019-11-18 19:20:39,358 my_view.py[line:106] INFO Message: An element could not be located on the page using the given search parameters.

2019-11-18 19:20:40,012 functions.py[line:83] INFO ͼѱ
2019-11-18 19:20:40,012 test_6my.py[line:102] INFO ʧ
2019-11-18 19:20:40,013 test_6my.py[line:103] INFO ޸ĵ¼ԶԽ
2019-11-18 19:20:40,013 test_6my.py[line:104] INFO Ϊlhjia9je
2019-11-18 19:20:40,014 test_6my.py[line:59] INFO ޸ĵ¼ֻ
2019-11-19 10:03:04,795 desired_caps.py[line:34] INFO start app
2019-11-19 10:03:41,198 desired_caps.py[line:34] INFO start app
2019-11-19 10:03:59,327 run.py[line:19] INFO start run test case....
2019-11-19 10:03:59,327 test_1login.py[line:15] INFO ¼ܶԲԿʼ
2019-11-19 10:05:48,942 functions.py[line:83] INFO ͼѱ
2019-11-19 10:05:48,942 test_1login.py[line:73] INFO ¼ģԲԽ
2019-11-19 10:05:48,942 test_3file.py[line:13] INFO ļģԶԿʼ
2019-11-19 10:22:05,650 desired_caps.py[line:34] INFO start app
2019-11-19 10:24:52,410 desired_caps.py[line:34] INFO start app
2019-11-19 10:25:08,639 run.py[line:19] INFO start run test case....
2019-11-19 10:25:08,639 test_1login.py[line:15] INFO ¼ܶԲԿʼ
2019-11-19 10:26:14,585 desired_caps.py[line:34] INFO start app
2019-11-19 10:26:31,324 run.py[line:19] INFO start run test case....
2019-11-19 10:26:31,324 test_1login.py[line:15] INFO ¼ܶԲԿʼ
2019-11-19 10:28:21,504 functions.py[line:83] INFO ͼѱ
2019-11-19 10:28:21,504 test_1login.py[line:73] INFO ¼ģԲԽ
2019-11-19 10:28:21,504 test_3file.py[line:13] INFO ļģԶԿʼ
2019-11-19 10:36:10,596 file_view.py[line:200] INFO վ:  Message: An element could not be located on the page using the given search parameters.

2019-11-19 10:36:12,266 file_view.py[line:142] INFO ʼִļƶ
2019-11-19 10:36:30,475 file_view.py[line:164] INFO ƶɹ
2019-11-19 10:36:30,475 file_view.py[line:170] INFO ļƶ
2019-11-19 10:36:30,475 file_view.py[line:224] INFO ļʼstart
2019-11-19 10:39:37,250 file_view.py[line:279] INFO Ŀ¼
2019-11-19 10:40:35,320 functions.py[line:146] INFO ޸ĳɹ
2019-11-19 10:40:39,420 functions.py[line:146] INFO ޸ĳɹ
2019-11-19 10:40:45,329 functions.py[line:146] INFO ޸ĳɹ
2019-11-19 10:40:50,149 functions.py[line:146] INFO ޸ĳɹ
2019-11-19 10:40:55,019 functions.py[line:146] INFO ޸ĳɹ
2019-11-19 10:40:59,789 functions.py[line:146] INFO ޸ĳɹ
2019-11-19 10:41:05,178 functions.py[line:146] INFO ޸ĳɹ
2019-11-19 10:41:10,378 functions.py[line:146] INFO ޸ĳɹ
2019-11-19 10:41:15,388 functions.py[line:146] INFO ޸ĳɹ
2019-11-19 10:41:19,428 functions.py[line:146] INFO ޸ĳɹ
2019-11-19 10:41:24,427 functions.py[line:146] INFO ޸ĳɹ
2019-11-19 10:41:29,757 functions.py[line:146] INFO ޸ĳɹ
2019-11-19 10:41:40,362 functions.py[line:83] INFO ͼѱ
2019-11-19 10:41:40,702 test_6my.py[line:39] INFO ʧ
2019-11-19 10:41:49,811 functions.py[line:146] INFO ޸ĳɹ
2019-11-19 10:41:54,723 functions.py[line:146] INFO ޸ĳɹ
2019-11-19 10:42:00,113 functions.py[line:146] INFO ޸ĳɹ
2019-11-19 10:42:05,233 functions.py[line:146] INFO ޸ĳɹ
2019-11-19 10:42:10,262 functions.py[line:146] INFO ޸ĳɹ
2019-11-19 10:42:14,762 functions.py[line:146] INFO ޸ĳɹ
2019-11-19 10:42:19,972 functions.py[line:146] INFO ޸ĳɹ
2019-11-19 10:42:25,491 functions.py[line:146] INFO ޸ĳɹ
2019-11-19 10:42:30,470 functions.py[line:146] INFO ޸ĳɹ
2019-11-19 10:42:35,647 functions.py[line:146] INFO ޸ĳɹ
2019-11-19 10:42:40,733 functions.py[line:146] INFO ޸ĳɹ
2019-11-19 10:42:46,072 functions.py[line:146] INFO ޸ĳɹ
2019-11-19 10:42:51,405 functions.py[line:146] INFO ޸ĳɹ
2019-11-19 10:42:56,429 functions.py[line:146] INFO ޸ĳɹ
2019-11-19 10:42:56,853 test_6my.py[line:46] INFO ʧ
2019-11-19 10:43:20,236 test_6my.py[line:78] INFO ޸ĵ¼1
2019-11-19 10:43:26,005 my_view.py[line:82] INFO Message: An element could not be located on the page using the given search parameters.

2019-11-19 10:43:26,655 functions.py[line:83] INFO ͼѱ
2019-11-19 10:43:26,665 test_6my.py[line:93] INFO ʧܣ
2019-11-19 10:43:26,665 test_6my.py[line:96] INFO ޸ĵ¼2
2019-11-19 10:43:32,676 my_view.py[line:106] INFO Message: An element could not be located on the page using the given search parameters.

2019-11-19 10:43:33,434 functions.py[line:83] INFO ͼѱ
2019-11-19 10:43:33,434 test_6my.py[line:102] INFO ʧ
2019-11-19 10:43:33,434 test_6my.py[line:103] INFO ޸ĵ¼ԶԽ
2019-11-19 10:43:33,434 test_6my.py[line:104] INFO Ϊox5sym2p
2019-11-19 10:43:33,434 test_6my.py[line:59] INFO ޸ĵ¼ֻ
2019-11-19 10:44:14,251 desired_caps.py[line:34] INFO start app
2019-11-19 10:44:30,950 run.py[line:19] INFO start run test case....
2019-11-19 10:44:30,950 test_1login.py[line:15] INFO ¼ܶԲԿʼ
2019-11-19 10:46:16,861 functions.py[line:83] INFO ͼѱ
2019-11-19 10:46:16,861 test_1login.py[line:73] INFO ¼ģԲԽ
2019-11-19 10:46:16,861 test_3file.py[line:13] INFO ļģԶԿʼ
2019-11-19 10:48:06,083 desired_caps.py[line:34] INFO start app
2019-11-19 10:48:22,802 run.py[line:19] INFO start run test case....
2019-11-19 10:48:22,802 test_1login.py[line:15] INFO ¼ܶԲԿʼ
2019-11-19 10:48:52,404 test_3file.py[line:13] INFO ļģԶԿʼ
2019-11-19 10:48:53,014 test_6my.py[line:78] INFO ޸ĵ¼1
2019-11-19 10:48:53,034 test_6my.py[line:96] INFO ޸ĵ¼2
2019-11-19 10:48:53,064 test_6my.py[line:59] INFO ޸ĵ¼ֻ
2019-11-19 10:48:59,243 desired_caps.py[line:34] INFO start app
2019-11-19 10:49:15,688 run.py[line:19] INFO start run test case....
2019-11-19 10:49:15,688 test_1login.py[line:15] INFO ¼ܶԲԿʼ
2019-11-19 10:50:03,245 test_3file.py[line:13] INFO ļģԶԿʼ
2019-11-19 10:53:34,346 file_view.py[line:200] INFO վ:  Message: An element could not be located on the page using the given search parameters.

2019-11-19 10:53:35,849 file_view.py[line:142] INFO ʼִļƶ
2019-11-19 10:53:53,547 file_view.py[line:164] INFO ƶɹ
2019-11-19 10:53:53,547 file_view.py[line:170] INFO ļƶ
2019-11-19 10:53:53,547 file_view.py[line:224] INFO ļʼstart
2019-11-19 10:57:02,659 file_view.py[line:279] INFO Ŀ¼
2019-11-19 10:57:25,439 functions.py[line:146] INFO ޸ĳɹ
2019-11-19 10:57:30,254 functions.py[line:146] INFO ޸ĳɹ
2019-11-19 10:57:34,885 functions.py[line:146] INFO ޸ĳɹ
2019-11-19 10:57:39,395 functions.py[line:146] INFO ޸ĳɹ
2019-11-19 10:57:44,300 functions.py[line:146] INFO ޸ĳɹ
2019-11-19 10:57:49,265 functions.py[line:146] INFO ޸ĳɹ
2019-11-19 10:57:53,819 functions.py[line:146] INFO ޸ĳɹ
2019-11-19 10:57:58,359 functions.py[line:146] INFO ޸ĳɹ
2019-11-19 10:58:03,503 functions.py[line:146] INFO ޸ĳɹ
2019-11-19 10:58:08,583 functions.py[line:146] INFO ޸ĳɹ
2019-11-19 10:58:13,120 functions.py[line:146] INFO ޸ĳɹ
2019-11-19 10:58:18,775 functions.py[line:146] INFO ޸ĳɹ
2019-11-19 10:58:28,461 functions.py[line:83] INFO ͼѱ
2019-11-19 10:58:28,658 test_6my.py[line:39] INFO ʧ
2019-11-19 10:58:36,759 functions.py[line:146] INFO ޸ĳɹ
2019-11-19 10:58:41,412 functions.py[line:146] INFO ޸ĳɹ
2019-11-19 10:58:45,875 functions.py[line:146] INFO ޸ĳɹ
2019-11-19 10:58:50,853 functions.py[line:146] INFO ޸ĳɹ
2019-11-19 10:58:55,503 functions.py[line:146] INFO ޸ĳɹ
2019-11-19 10:59:01,116 functions.py[line:146] INFO ޸ĳɹ
2019-11-19 10:59:05,818 functions.py[line:146] INFO ޸ĳɹ
2019-11-19 10:59:10,348 functions.py[line:146] INFO ޸ĳɹ
2019-11-19 10:59:15,124 functions.py[line:146] INFO ޸ĳɹ
2019-11-19 10:59:19,725 functions.py[line:146] INFO ޸ĳɹ
2019-11-19 10:59:24,159 functions.py[line:146] INFO ޸ĳɹ
2019-11-19 10:59:28,664 functions.py[line:146] INFO ޸ĳɹ
2019-11-19 10:59:33,374 functions.py[line:146] INFO ޸ĳɹ
2019-11-19 10:59:38,209 functions.py[line:146] INFO ޸ĳɹ
2019-11-19 10:59:38,936 test_6my.py[line:46] INFO ʧ
2019-11-19 10:59:59,991 functions.py[line:146] INFO 
2019-11-19 11:00:11,397 test_6my.py[line:78] INFO ޸ĵ¼1
2019-11-19 11:00:15,357 test_6my.py[line:96] INFO ޸ĵ¼2
2019-11-19 11:00:26,415 functions.py[line:83] INFO ͼѱ
2019-11-19 11:00:27,025 functions.py[line:83] INFO ͼѱ
2019-11-19 11:00:27,026 test_6my.py[line:102] INFO ʧ
2019-11-19 11:00:27,026 test_6my.py[line:103] INFO ޸ĵ¼ԶԽ
2019-11-19 11:00:27,026 test_6my.py[line:104] INFO Ϊdwctf4aj
2019-11-19 11:00:27,027 test_6my.py[line:59] INFO ޸ĵ¼ֻ
2019-11-19 15:00:11,254 desired_caps.py[line:34] INFO start app
2019-11-19 15:01:11,324 desired_caps.py[line:34] INFO start app
2019-11-19 15:01:36,939 desired_caps.py[line:34] INFO start app
2019-11-19 15:07:23,709 desired_caps.py[line:34] INFO start app
2019-11-19 15:08:32,368 desired_caps.py[line:34] INFO start app
2019-11-19 15:12:42,568 desired_caps.py[line:34] INFO start app
2019-11-19 15:21:16,143 desired_caps.py[line:34] INFO start app
2019-11-19 15:24:05,518 desired_caps.py[line:34] INFO start app
2019-11-19 15:26:11,618 desired_caps.py[line:34] INFO start app
2019-11-19 15:26:33,355 desired_caps.py[line:34] INFO start app
2019-11-19 15:28:05,479 desired_caps.py[line:34] INFO start app
2019-11-19 15:29:38,138 desired_caps.py[line:34] INFO start app
2019-11-19 15:31:09,371 desired_caps.py[line:34] INFO start app
2019-11-19 15:31:29,714 right_layout.py[line:26] INFO 9
2019-11-19 15:36:14,457 desired_caps.py[line:34] INFO start app
2019-11-19 15:36:42,272 functions.py[line:146] INFO ͼƬѾ浽
2019-11-19 15:41:13,500 desired_caps.py[line:34] INFO start app
2019-11-19 15:47:03,174 desired_caps.py[line:34] INFO start app
2019-11-19 15:47:31,328 functions.py[line:146] INFO ͼƬѾ浽
2019-11-19 15:54:57,476 desired_caps.py[line:34] INFO start app
2019-11-19 15:59:05,618 desired_caps.py[line:34] INFO start app
2019-11-19 16:01:58,124 desired_caps.py[line:34] INFO start app
2019-11-19 16:02:47,796 desired_caps.py[line:34] INFO start app
2019-11-19 16:03:20,136 desired_caps.py[line:34] INFO start app
2019-11-19 16:04:11,982 desired_caps.py[line:34] INFO start app
2019-11-19 16:05:15,093 desired_caps.py[line:34] INFO start app
2019-11-19 16:05:59,343 desired_caps.py[line:34] INFO start app
2019-11-19 16:07:37,009 desired_caps.py[line:34] INFO start app
2019-11-19 16:08:29,563 desired_caps.py[line:34] INFO start app
2019-11-19 16:09:14,452 functions.py[line:146] INFO ͼƬѾ浽
2019-11-19 16:22:45,239 desired_caps.py[line:34] INFO start app
2019-11-19 16:23:10,450 functions.py[line:146] INFO ͼƬѾ浽
2019-11-19 16:23:24,783 desired_caps.py[line:34] INFO start app
2019-11-19 16:23:48,802 functions.py[line:146] INFO ͼƬѾ浽
2019-11-19 16:27:40,089 desired_caps.py[line:34] INFO start app
2019-11-19 16:28:24,965 desired_caps.py[line:34] INFO start app
2019-11-19 16:29:03,967 functions.py[line:83] INFO ͼѱ
2019-11-19 16:29:30,489 desired_caps.py[line:34] INFO start app
2019-11-19 16:29:51,522 desired_caps.py[line:34] INFO start app
2019-11-19 16:30:16,667 functions.py[line:146] INFO ͼƬѾ浽
2019-11-19 16:30:24,464 functions.py[line:146] INFO ͼƬѾ浽
2019-11-19 16:37:11,305 desired_caps.py[line:34] INFO start app
2019-11-19 16:37:36,748 functions.py[line:146] INFO ͼƬѾ浽
2019-11-19 16:37:52,718 functions.py[line:146] INFO ͼƬѾ浽
2019-11-19 16:39:55,481 desired_caps.py[line:34] INFO start app
2019-11-19 16:40:18,907 functions.py[line:146] INFO ͼƬѾ浽
2019-11-19 16:40:37,542 functions.py[line:146] INFO ͼƬѾ浽
2019-11-19 16:43:29,464 desired_caps.py[line:34] INFO start app
2019-11-19 16:43:50,522 right_layout.py[line:52] INFO ܹ֯ͼԶԿʼ
2019-11-19 16:43:57,044 functions.py[line:146] INFO ͼƬѾ浽
2019-11-19 16:44:09,837 right_layout.py[line:68] INFO ܹ֯ͼԶԽ
2019-11-19 16:44:09,837 right_layout.py[line:75] INFO ͼԶԿʼ
2019-11-19 16:44:15,363 functions.py[line:146] INFO ͼƬѾ浽
2019-11-19 16:44:29,409 right_layout.py[line:90] INFO ͼԶԽ
2019-11-19 17:11:52,068 desired_caps.py[line:34] INFO start app
2019-11-19 17:12:11,437 run.py[line:19] INFO start run test case....
2019-11-19 17:12:11,438 test_1login.py[line:15] INFO ¼ܶԲԿʼ
2019-11-19 17:13:57,202 functions.py[line:83] INFO ͼѱ
2019-11-19 17:13:57,203 test_1login.py[line:73] INFO ¼ģԲԽ
2019-11-19 17:13:57,203 test_3file.py[line:13] INFO ļģԶԿʼ
2019-11-19 17:17:20,090 file_view.py[line:200] INFO վ:  Message: An element could not be located on the page using the given search parameters.

2019-11-19 17:17:21,619 file_view.py[line:142] INFO ʼִļƶ
2019-11-19 17:17:39,835 file_view.py[line:164] INFO ƶɹ
2019-11-19 17:17:39,835 file_view.py[line:170] INFO ļƶ
2019-11-19 17:17:39,835 file_view.py[line:224] INFO ļʼstart
2019-11-19 17:20:46,109 file_view.py[line:279] INFO Ŀ¼
2019-11-19 17:21:29,823 right_layout.py[line:52] INFO ܹ֯ͼԶԿʼ
2019-11-19 17:22:07,800 test_6my.py[line:78] INFO ޸ĵ¼1
2019-11-19 17:22:13,193 my_view.py[line:82] INFO Message: An element could not be located on the page using the given search parameters.

2019-11-19 17:22:13,831 functions.py[line:83] INFO ͼѱ
2019-11-19 17:22:13,832 test_6my.py[line:93] INFO ʧܣ
2019-11-19 17:22:13,833 test_6my.py[line:96] INFO ޸ĵ¼2
2019-11-19 17:22:20,487 my_view.py[line:106] INFO Message: An element could not be located on the page using the given search parameters.

2019-11-19 17:22:21,151 functions.py[line:83] INFO ͼѱ
2019-11-19 17:22:21,152 test_6my.py[line:102] INFO ʧ
2019-11-19 17:22:21,153 test_6my.py[line:103] INFO ޸ĵ¼ԶԽ
2019-11-19 17:22:21,153 test_6my.py[line:104] INFO Ϊzvpinjfl
2019-11-19 17:22:21,154 test_6my.py[line:59] INFO ޸ĵ¼ֻ
